TN:
SF:config/generateToken.js
FN:3,(anonymous_0)
FNF:1
FNH:0
FNDA:0,(anonymous_0)
DA:1,1
DA:3,1
DA:4,0
DA:9,1
LF:4
LH:3
BRF:0
BRH:0
end_of_record
TN:
SF:controllers/userController.js
FN:12,(anonymous_0)
FN:29,(anonymous_1)
FN:46,(anonymous_2)
FN:51,(anonymous_3)
FN:67,(anonymous_4)
FN:83,(anonymous_5)
FNF:6
FNH:3
FNDA:2,(anonymous_0)
FNDA:2,(anonymous_1)
FNDA:0,(anonymous_2)
FNDA:1,(anonymous_3)
FNDA:0,(anonymous_4)
FNDA:0,(anonymous_5)
DA:1,1
DA:2,1
DA:3,1
DA:10,1
DA:12,1
DA:13,2
DA:14,2
DA:15,1
DA:16,0
DA:22,1
DA:29,1
DA:30,2
DA:31,2
DA:32,0
DA:33,0
DA:39,0
DA:42,0
DA:46,1
DA:47,0
DA:48,0
DA:51,1
DA:52,1
DA:53,1
DA:54,0
DA:55,0
DA:60,0
DA:63,0
DA:67,1
DA:68,0
DA:69,0
DA:70,0
DA:71,0
DA:76,0
DA:79,0
DA:83,1
DA:84,0
DA:85,0
DA:86,0
DA:87,0
DA:93,0
DA:96,0
DA:100,1
LF:42
LH:19
BRDA:15,0,0,0
BRDA:15,0,1,1
BRDA:32,1,0,0
BRDA:32,1,1,0
BRDA:54,2,0,0
BRDA:54,2,1,0
BRDA:70,3,0,0
BRDA:70,3,1,0
BRDA:86,4,0,0
BRDA:86,4,1,0
BRF:10
BRH:1
end_of_record
TN:
SF:helpers/apiResponse.js
FN:1,(anonymous_0)
FN:8,(anonymous_1)
FNF:2
FNH:1
FNDA:4,(anonymous_0)
FNDA:0,(anonymous_1)
DA:1,1
DA:2,4
DA:8,1
DA:9,0
DA:16,1
LF:5
LH:4
BRDA:8,0,0,0
BRF:1
BRH:0
end_of_record
TN:
SF:middlewares/authMiddleware.js
FN:6,(anonymous_0)
FNF:1
FNH:1
FNDA:2,(anonymous_0)
DA:1,1
DA:2,1
DA:3,1
DA:4,1
DA:6,1
DA:8,2
DA:12,1
DA:13,1
DA:14,1
DA:15,0
DA:16,0
DA:18,1
DA:21,1
DA:25,1
LF:14
LH:12
BRDA:8,0,0,1
BRDA:8,0,1,1
BRDA:9,1,0,2
BRDA:9,1,1,1
BRF:4
BRH:4
end_of_record
TN:
SF:models/userModel.js
FN:54,(anonymous_0)
FN:65,(anonymous_1)
FNF:2
FNH:1
FNDA:1,(anonymous_0)
FNDA:0,(anonymous_1)
DA:1,1
DA:2,1
DA:4,1
DA:54,1
DA:55,1
DA:56,0
DA:58,1
DA:59,0
DA:61,1
DA:62,1
DA:65,1
DA:66,0
DA:69,1
DA:70,1
LF:14
LH:11
BRDA:55,0,0,0
BRDA:55,0,1,1
BRDA:58,1,0,0
BRDA:58,1,1,1
BRF:4
BRH:2
end_of_record
TN:
SF:services/userService.js
FN:8,(anonymous_0)
FN:62,(anonymous_1)
FN:90,(anonymous_2)
FN:114,(anonymous_3)
FN:124,(anonymous_4)
FN:148,(anonymous_5)
FN:171,(anonymous_6)
FN:187,(anonymous_7)
FN:190,(anonymous_8)
FN:194,(anonymous_9)
FNF:10
FNH:3
FNDA:2,(anonymous_0)
FNDA:2,(anonymous_1)
FNDA:0,(anonymous_2)
FNDA:0,(anonymous_3)
FNDA:1,(anonymous_4)
FNDA:0,(anonymous_5)
FNDA:0,(anonymous_6)
FNDA:0,(anonymous_7)
FNDA:0,(anonymous_8)
FNDA:0,(anonymous_9)
DA:1,1
DA:2,1
DA:3,1
DA:4,1
DA:5,1
DA:6,1
DA:8,1
DA:9,2
DA:11,2
DA:13,2
DA:14,1
DA:15,1
DA:31,1
DA:41,0
DA:42,0
DA:53,0
DA:55,0
DA:57,0
DA:58,0
DA:62,1
DA:63,2
DA:64,2
DA:65,2
DA:66,0
DA:67,0
DA:69,0
DA:70,0
DA:81,0
DA:83,0
DA:85,0
DA:86,0
DA:90,1
DA:91,0
DA:92,0
DA:103,0
DA:114,0
DA:115,0
DA:116,0
DA:118,0
DA:124,1
DA:125,1
DA:126,1
DA:127,1
DA:128,0
DA:130,1
DA:131,0
DA:132,0
DA:133,0
DA:138,0
DA:139,0
DA:141,0
DA:143,0
DA:144,0
DA:148,1
DA:149,0
DA:150,0
DA:151,0
DA:152,0
DA:154,0
DA:155,0
DA:156,0
DA:157,0
DA:158,0
DA:164,0
DA:166,0
DA:167,0
DA:171,1
DA:172,0
DA:173,0
DA:174,0
DA:175,0
DA:176,0
DA:188,0
DA:191,0
DA:194,0
DA:201,0
DA:203,0
DA:204,0
DA:208,1
LF:79
LH:26
BRDA:13,0,0,1
BRDA:13,0,1,1
BRDA:13,1,0,2
BRDA:13,1,1,1
BRDA:13,1,2,1
BRDA:13,1,3,1
BRDA:41,2,0,0
BRDA:41,2,1,0
BRDA:66,3,0,0
BRDA:66,3,1,0
BRDA:69,4,0,0
BRDA:69,4,1,0
BRDA:69,5,0,0
BRDA:69,5,1,0
BRDA:108,6,0,0
BRDA:108,6,1,0
BRDA:115,7,0,0
BRDA:115,7,1,0
BRDA:127,8,0,0
BRDA:127,8,1,1
BRDA:131,9,0,0
BRDA:131,9,1,0
BRDA:151,10,0,0
BRDA:151,10,1,0
BRDA:155,11,0,0
BRDA:155,11,1,0
BRDA:174,12,0,0
BRDA:174,12,1,0
BRF:28
BRH:7
end_of_record
